\BOOKMARK [-1][-]{part.1}{I Le jeu, pr\351sentation et compr\351hension}{}% 1
\BOOKMARK [0][-]{chapter.1}{Historique, principe de base, type}{part.1}% 2
\BOOKMARK [1][-]{section.1.1}{Type de jeu}{chapter.1}% 3
\BOOKMARK [1][-]{section.1.2}{Compr\351hension}{chapter.1}% 4
\BOOKMARK [-1][-]{part.2}{II Intelligence Artificielle, let's play}{}% 5
\BOOKMARK [0][-]{chapter.2}{D\351finition des IA}{part.2}% 6
\BOOKMARK [1][-]{section.2.1}{IA - Base. Niveau 0}{chapter.2}% 7
\BOOKMARK [2][-]{subsection.2.1.1}{Principe}{section.2.1}% 8
\BOOKMARK [2][-]{subsection.2.1.2}{Heurisitque}{section.2.1}% 9
\BOOKMARK [2][-]{subsection.2.1.3}{Algorithmes}{section.2.1}% 10
\BOOKMARK [2][-]{subsection.2.1.4}{Complexit\351}{section.2.1}% 11
\BOOKMARK [1][-]{section.2.2}{IA - Premi\350res armes. Niveau 1}{chapter.2}% 12
\BOOKMARK [2][-]{subsection.2.2.1}{Principe}{section.2.2}% 13
\BOOKMARK [2][-]{subsection.2.2.2}{Heurisitque}{section.2.2}% 14
\BOOKMARK [2][-]{subsection.2.2.3}{Algorithmes}{section.2.2}% 15
\BOOKMARK [2][-]{subsection.2.2.4}{Complexit\351}{section.2.2}% 16
\BOOKMARK [1][-]{section.2.3}{IA - La connaissance. Niveau 2}{chapter.2}% 17
\BOOKMARK [2][-]{subsection.2.3.1}{Principe}{section.2.3}% 18
\BOOKMARK [2][-]{subsection.2.3.2}{Heurisitque}{section.2.3}% 19
\BOOKMARK [2][-]{subsection.2.3.3}{Algorithmes}{section.2.3}% 20
\BOOKMARK [2][-]{subsection.2.3.4}{Complexit\351}{section.2.3}% 21
\BOOKMARK [-1][-]{part.3}{III Mod\351lisation}{}% 22
\BOOKMARK [0][-]{chapter.3}{Environement}{part.3}% 23
\BOOKMARK [1][-]{section.3.1}{Tableau}{chapter.3}% 24
\BOOKMARK [1][-]{section.3.2}{Graphe}{chapter.3}% 25
\BOOKMARK [1][-]{section.3.3}{Solution choisie}{chapter.3}% 26
\BOOKMARK [0][-]{chapter.4}{Information de jeu}{part.3}% 27
\BOOKMARK [1][-]{section.4.1}{IA 1 - Structure}{chapter.4}% 28
\BOOKMARK [1][-]{section.4.2}{IA 2 - Stucture}{chapter.4}% 29
\BOOKMARK [-1][-]{part.4}{IV Choix du Langage}{}% 30
\BOOKMARK [-1][-]{part.5}{V Simulation de fonctionnement}{}% 31
\BOOKMARK [0][-]{chapter.5}{Initialisation}{part.5}% 32
\BOOKMARK [0][-]{chapter.6}{Tour de jeu}{part.5}% 33
\BOOKMARK [1][-]{section.6.1}{IA0}{chapter.6}% 34
\BOOKMARK [1][-]{section.6.2}{IA1}{chapter.6}% 35
\BOOKMARK [1][-]{section.6.3}{IA2}{chapter.6}% 36
